c:\users\louis\documents\visual studio 2015\projects\qtopengl_cv\x64\release\tracer.obj
c:\users\louis\documents\visual studio 2015\projects\qtopengl_cv\x64\release\stlloader.obj
c:\users\louis\documents\visual studio 2015\projects\qtopengl_cv\x64\release\moc_openglwindow.obj
c:\users\louis\documents\visual studio 2015\projects\qtopengl_cv\x64\release\moc_mainwindow.obj
c:\users\louis\documents\visual studio 2015\projects\qtopengl_cv\x64\release\openglwindow.obj
c:\users\louis\documents\visual studio 2015\projects\qtopengl_cv\x64\release\mainwindow.obj
c:\users\louis\documents\visual studio 2015\projects\qtopengl_cv\x64\release\icp.obj
c:\users\louis\documents\visual studio 2015\projects\qtopengl_cv\x64\release\pgapi.obj
c:\users\louis\documents\visual studio 2015\projects\qtopengl_cv\x64\release\main.obj
c:\users\louis\documents\visual studio 2015\projects\qtopengl_cv\release\moc_mainwindow.cpp
c:\users\louis\documents\visual studio 2015\projects\qtopengl_cv\release\moc_openglwindow.cpp
c:\users\louis\documents\visual studio 2015\projects\qtopengl_cv\generatedfiles\ui_mainwindow.h
c:\users\louis\documents\visual studio 2015\projects\qtopengl_cv\release\playground.exe
c:\users\louis\documents\visual studio 2015\projects\qtopengl_cv\x64\release\playground.tlog\cl.command.1.tlog
c:\users\louis\documents\visual studio 2015\projects\qtopengl_cv\x64\release\playground.tlog\cl.read.1.tlog
c:\users\louis\documents\visual studio 2015\projects\qtopengl_cv\x64\release\playground.tlog\cl.write.1.tlog
c:\users\louis\documents\visual studio 2015\projects\qtopengl_cv\x64\release\playground.tlog\custombuild.command.1.tlog
c:\users\louis\documents\visual studio 2015\projects\qtopengl_cv\x64\release\playground.tlog\custombuild.read.1.tlog
c:\users\louis\documents\visual studio 2015\projects\qtopengl_cv\x64\release\playground.tlog\custombuild.write.1.tlog
c:\users\louis\documents\visual studio 2015\projects\qtopengl_cv\x64\release\playground.tlog\link.command.1.tlog
c:\users\louis\documents\visual studio 2015\projects\qtopengl_cv\x64\release\playground.tlog\link.read.1.tlog
c:\users\louis\documents\visual studio 2015\projects\qtopengl_cv\x64\release\playground.tlog\link.write.1.tlog
