c:\users\johnshee\documents\visual studio 2015\projects\qtopengl_cv\x64\debug\vc140.pdb
c:\users\johnshee\documents\visual studio 2015\projects\qtopengl_cv\x64\debug\tracer.obj
c:\users\johnshee\documents\visual studio 2015\projects\qtopengl_cv\x64\debug\stlloader.obj
c:\users\johnshee\documents\visual studio 2015\projects\qtopengl_cv\x64\debug\mainwindow.obj
c:\users\johnshee\documents\visual studio 2015\projects\qtopengl_cv\x64\debug\main.obj
c:\users\johnshee\documents\visual studio 2015\projects\qtopengl_cv\x64\debug\pgapi.obj
c:\users\johnshee\documents\visual studio 2015\projects\qtopengl_cv\x64\debug\openglwidget.obj
c:\users\johnshee\documents\visual studio 2015\projects\qtopengl_cv\x64\debug\icp.obj
c:\users\johnshee\documents\visual studio 2015\projects\qtopengl_cv\x64\debug\stringtokenizer.obj
c:\users\johnshee\documents\visual studio 2015\projects\qtopengl_cv\x64\debug\matrix.obj
c:\users\johnshee\documents\visual studio 2015\projects\qtopengl_cv\x64\debug\jly_goicp.obj
c:\users\johnshee\documents\visual studio 2015\projects\qtopengl_cv\x64\debug\jly_3ddt.obj
c:\users\johnshee\documents\visual studio 2015\projects\qtopengl_cv\x64\debug\configmap.obj
c:\users\johnshee\documents\visual studio 2015\projects\qtopengl_cv\x64\debug\moc_mainwindow.obj
c:\users\johnshee\documents\visual studio 2015\projects\qtopengl_cv\x64\debug\moc_openglwidget.obj
c:\users\johnshee\documents\visual studio 2015\projects\qtopengl_cv\debug\moc_mainwindow.cpp
c:\users\johnshee\documents\visual studio 2015\projects\qtopengl_cv\generatedfiles\ui_mainwindow.h
c:\users\johnshee\documents\visual studio 2015\projects\qtopengl_cv\debug\moc_openglwidget.cpp
c:\users\johnshee\documents\visual studio 2015\projects\qtopengl_cv\x64\debug\playground.tlog\cl.command.1.tlog
c:\users\johnshee\documents\visual studio 2015\projects\qtopengl_cv\x64\debug\playground.tlog\cl.read.1.tlog
c:\users\johnshee\documents\visual studio 2015\projects\qtopengl_cv\x64\debug\playground.tlog\cl.write.1.tlog
c:\users\johnshee\documents\visual studio 2015\projects\qtopengl_cv\x64\debug\playground.tlog\custombuild.command.1.tlog
c:\users\johnshee\documents\visual studio 2015\projects\qtopengl_cv\x64\debug\playground.tlog\custombuild.read.1.tlog
c:\users\johnshee\documents\visual studio 2015\projects\qtopengl_cv\x64\debug\playground.tlog\custombuild.write.1.tlog
c:\users\johnshee\documents\visual studio 2015\projects\qtopengl_cv\x64\debug\playground.tlog\link.12152-cvtres.read.1.tlog
c:\users\johnshee\documents\visual studio 2015\projects\qtopengl_cv\x64\debug\playground.tlog\link.12152-cvtres.write.1.tlog
c:\users\johnshee\documents\visual studio 2015\projects\qtopengl_cv\x64\debug\playground.tlog\link.12152-rc.read.1.tlog
c:\users\johnshee\documents\visual studio 2015\projects\qtopengl_cv\x64\debug\playground.tlog\link.12152-rc.write.1.tlog
c:\users\johnshee\documents\visual studio 2015\projects\qtopengl_cv\x64\debug\playground.tlog\link.12152.read.1.tlog
c:\users\johnshee\documents\visual studio 2015\projects\qtopengl_cv\x64\debug\playground.tlog\link.12152.write.1.tlog
c:\users\johnshee\documents\visual studio 2015\projects\qtopengl_cv\x64\debug\playground.tlog\link.command.1.tlog
c:\users\johnshee\documents\visual studio 2015\projects\qtopengl_cv\x64\debug\playground.tlog\link.read.1.tlog
c:\users\johnshee\documents\visual studio 2015\projects\qtopengl_cv\x64\debug\playground.tlog\link.write.1.tlog
